0 info it worked if it ends with ok
1 verbose cli [ 'C:\\Program Files\\nodejs\\node.exe',
1 verbose cli   'C:\\Program Files\\nodejs\\node_modules\\npm\\bin\\npm-cli.js',
1 verbose cli   'install',
1 verbose cli   'time',
1 verbose cli   '--save' ]
2 info using npm@3.10.10
3 info using node@v6.9.5
4 silly loadCurrentTree Starting
5 silly install loadCurrentTree
6 silly install readLocalPackageData
7 silly fetchPackageMetaData time
8 silly fetchNamedPackageData time
9 silly mapToRegistry name time
10 silly mapToRegistry using default registry
11 silly mapToRegistry registry https://registry.npmjs.org/
12 silly mapToRegistry data Result {
12 silly mapToRegistry   raw: 'time',
12 silly mapToRegistry   scope: null,
12 silly mapToRegistry   escapedName: 'time',
12 silly mapToRegistry   name: 'time',
12 silly mapToRegistry   rawSpec: '',
12 silly mapToRegistry   spec: 'latest',
12 silly mapToRegistry   type: 'tag' }
13 silly mapToRegistry uri https://registry.npmjs.org/time
14 verbose request uri https://registry.npmjs.org/time
15 verbose request no auth needed
16 info attempt registry request try #1 at 12:57:04 PM
17 verbose request id 3d339b9204b061f7
18 verbose etag "5982f1d3-ab7e"
19 verbose lastModified Thu, 3 Aug 2017 9:50:11 GMT
20 http request GET https://registry.npmjs.org/time
21 http 304 https://registry.npmjs.org/time
22 verbose headers { date: 'Sat, 19 May 2018 07:27:04 GMT',
22 verbose headers   via: '1.1 varnish',
22 verbose headers   'cache-control': 'max-age=300',
22 verbose headers   etag: '"5982f1d3-ab7e"',
22 verbose headers   age: '14',
22 verbose headers   connection: 'keep-alive',
22 verbose headers   'x-served-by': 'cache-sin18035-SIN',
22 verbose headers   'x-cache': 'HIT',
22 verbose headers   'x-cache-hits': '1',
22 verbose headers   'x-timer': 'S1526714825.536171,VS0,VE1',
22 verbose headers   vary: 'Accept-Encoding, Accept' }
23 silly get cb [ 304,
23 silly get   { date: 'Sat, 19 May 2018 07:27:04 GMT',
23 silly get     via: '1.1 varnish',
23 silly get     'cache-control': 'max-age=300',
23 silly get     etag: '"5982f1d3-ab7e"',
23 silly get     age: '14',
23 silly get     connection: 'keep-alive',
23 silly get     'x-served-by': 'cache-sin18035-SIN',
23 silly get     'x-cache': 'HIT',
23 silly get     'x-cache-hits': '1',
23 silly get     'x-timer': 'S1526714825.536171,VS0,VE1',
23 silly get     vary: 'Accept-Encoding, Accept' } ]
24 verbose etag https://registry.npmjs.org/time from cache
25 verbose get saving time to C:\Users\srira\AppData\Roaming\npm-cache\registry.npmjs.org\time\.cache.json
26 verbose correctMkdir C:\Users\srira\AppData\Roaming\npm-cache correctMkdir not in flight; initializing
27 silly install normalizeTree
28 silly loadCurrentTree Finishing
29 silly loadIdealTree Starting
30 silly install loadIdealTree
31 silly cloneCurrentTree Starting
32 silly install cloneCurrentTreeToIdealTree
33 silly cloneCurrentTree Finishing
34 silly loadShrinkwrap Starting
35 silly install loadShrinkwrap
36 silly loadShrinkwrap Finishing
37 silly loadAllDepsIntoIdealTree Starting
38 silly install loadAllDepsIntoIdealTree
39 silly resolveWithNewModule time@0.12.0 checking installable status
40 silly cache add args [ 'time', null ]
41 verbose cache add spec time
42 silly cache add parsed spec Result {
42 silly cache add   raw: 'time',
42 silly cache add   scope: null,
42 silly cache add   escapedName: 'time',
42 silly cache add   name: 'time',
42 silly cache add   rawSpec: '',
42 silly cache add   spec: 'latest',
42 silly cache add   type: 'tag' }
43 silly addNamed time@latest
44 verbose addNamed "latest" is being treated as a dist-tag for time
45 info addNameTag [ 'time', 'latest' ]
46 silly mapToRegistry name time
47 silly mapToRegistry using default registry
48 silly mapToRegistry registry https://registry.npmjs.org/
49 silly mapToRegistry data Result {
49 silly mapToRegistry   raw: 'time',
49 silly mapToRegistry   scope: null,
49 silly mapToRegistry   escapedName: 'time',
49 silly mapToRegistry   name: 'time',
49 silly mapToRegistry   rawSpec: '',
49 silly mapToRegistry   spec: 'latest',
49 silly mapToRegistry   type: 'tag' }
50 silly mapToRegistry uri https://registry.npmjs.org/time
51 verbose addNameTag registry:https://registry.npmjs.org/time not in flight; fetching
52 verbose get https://registry.npmjs.org/time not expired, no request
53 silly addNameTag next cb for time with tag latest
54 silly addNamed time@0.12.0
55 verbose addNamed "0.12.0" is a plain semver version for time
56 silly cache afterAdd time@0.12.0
57 verbose afterAdd C:\Users\srira\AppData\Roaming\npm-cache\time\0.12.0\package\package.json not in flight; writing
58 verbose correctMkdir C:\Users\srira\AppData\Roaming\npm-cache correctMkdir not in flight; initializing
59 verbose afterAdd C:\Users\srira\AppData\Roaming\npm-cache\time\0.12.0\package\package.json written
60 silly fetchNamedPackageData bindings
61 silly mapToRegistry name bindings
62 silly mapToRegistry using default registry
63 silly mapToRegistry registry https://registry.npmjs.org/
64 silly mapToRegistry data Result {
64 silly mapToRegistry   raw: 'bindings',
64 silly mapToRegistry   scope: null,
64 silly mapToRegistry   escapedName: 'bindings',
64 silly mapToRegistry   name: 'bindings',
64 silly mapToRegistry   rawSpec: '',
64 silly mapToRegistry   spec: 'latest',
64 silly mapToRegistry   type: 'tag' }
65 silly mapToRegistry uri https://registry.npmjs.org/bindings
66 silly fetchNamedPackageData debug
67 silly mapToRegistry name debug
68 silly mapToRegistry using default registry
69 silly mapToRegistry registry https://registry.npmjs.org/
70 silly mapToRegistry data Result {
70 silly mapToRegistry   raw: 'debug',
70 silly mapToRegistry   scope: null,
70 silly mapToRegistry   escapedName: 'debug',
70 silly mapToRegistry   name: 'debug',
70 silly mapToRegistry   rawSpec: '',
70 silly mapToRegistry   spec: 'latest',
70 silly mapToRegistry   type: 'tag' }
71 silly mapToRegistry uri https://registry.npmjs.org/debug
72 silly fetchNamedPackageData nan
73 silly mapToRegistry name nan
74 silly mapToRegistry using default registry
75 silly mapToRegistry registry https://registry.npmjs.org/
76 silly mapToRegistry data Result {
76 silly mapToRegistry   raw: 'nan',
76 silly mapToRegistry   scope: null,
76 silly mapToRegistry   escapedName: 'nan',
76 silly mapToRegistry   name: 'nan',
76 silly mapToRegistry   rawSpec: '',
76 silly mapToRegistry   spec: 'latest',
76 silly mapToRegistry   type: 'tag' }
77 silly mapToRegistry uri https://registry.npmjs.org/nan
78 verbose request uri https://registry.npmjs.org/debug
79 verbose request no auth needed
80 info attempt registry request try #1 at 12:57:05 PM
81 verbose etag "5ae1cf13-1954d"
82 verbose lastModified Thu, 26 Apr 2018 13:07:31 GMT
83 http request GET https://registry.npmjs.org/debug
84 verbose request uri https://registry.npmjs.org/bindings
85 verbose request no auth needed
86 info attempt registry request try #1 at 12:57:05 PM
87 verbose etag "5a700cb7-4c53"
88 verbose lastModified Tue, 30 Jan 2018 6:12:07 GMT
89 http request GET https://registry.npmjs.org/bindings
90 verbose request uri https://registry.npmjs.org/nan
91 verbose request no auth needed
92 info attempt registry request try #1 at 12:57:05 PM
93 verbose etag "5aabecc7-229f2"
94 verbose lastModified Fri, 16 Mar 2018 16:11:51 GMT
95 http request GET https://registry.npmjs.org/nan
96 http 304 https://registry.npmjs.org/debug
97 verbose headers { date: 'Sat, 19 May 2018 07:27:05 GMT',
97 verbose headers   via: '1.1 varnish',
97 verbose headers   'cache-control': 'max-age=300',
97 verbose headers   etag: '"5ae1cf13-1954d"',
97 verbose headers   age: '13677',
97 verbose headers   connection: 'keep-alive',
97 verbose headers   'x-served-by': 'cache-sin18035-SIN',
97 verbose headers   'x-cache': 'HIT',
97 verbose headers   'x-cache-hits': '332',
97 verbose headers   'x-timer': 'S1526714825.009320,VS0,VE0',
97 verbose headers   vary: 'Accept-Encoding, Accept' }
98 silly get cb [ 304,
98 silly get   { date: 'Sat, 19 May 2018 07:27:05 GMT',
98 silly get     via: '1.1 varnish',
98 silly get     'cache-control': 'max-age=300',
98 silly get     etag: '"5ae1cf13-1954d"',
98 silly get     age: '13677',
98 silly get     connection: 'keep-alive',
98 silly get     'x-served-by': 'cache-sin18035-SIN',
98 silly get     'x-cache': 'HIT',
98 silly get     'x-cache-hits': '332',
98 silly get     'x-timer': 'S1526714825.009320,VS0,VE0',
98 silly get     vary: 'Accept-Encoding, Accept' } ]
99 verbose etag https://registry.npmjs.org/debug from cache
100 verbose get saving debug to C:\Users\srira\AppData\Roaming\npm-cache\registry.npmjs.org\debug\.cache.json
101 verbose correctMkdir C:\Users\srira\AppData\Roaming\npm-cache correctMkdir not in flight; initializing
102 silly resolveWithNewModule debug@2.6.9 checking installable status
103 silly cache add args [ 'debug@^2.2.0', null ]
104 verbose cache add spec debug@^2.2.0
105 silly cache add parsed spec Result {
105 silly cache add   raw: 'debug@^2.2.0',
105 silly cache add   scope: null,
105 silly cache add   escapedName: 'debug',
105 silly cache add   name: 'debug',
105 silly cache add   rawSpec: '^2.2.0',
105 silly cache add   spec: '>=2.2.0 <3.0.0',
105 silly cache add   type: 'range' }
106 silly addNamed debug@>=2.2.0 <3.0.0
107 verbose addNamed ">=2.2.0 <3.0.0" is a valid semver range for debug
108 silly addNameRange { name: 'debug', range: '>=2.2.0 <3.0.0', hasData: false }
109 silly mapToRegistry name debug
110 silly mapToRegistry using default registry
111 silly mapToRegistry registry https://registry.npmjs.org/
112 silly mapToRegistry data Result {
112 silly mapToRegistry   raw: 'debug',
112 silly mapToRegistry   scope: null,
112 silly mapToRegistry   escapedName: 'debug',
112 silly mapToRegistry   name: 'debug',
112 silly mapToRegistry   rawSpec: '',
112 silly mapToRegistry   spec: 'latest',
112 silly mapToRegistry   type: 'tag' }
113 silly mapToRegistry uri https://registry.npmjs.org/debug
114 verbose addNameRange registry:https://registry.npmjs.org/debug not in flight; fetching
115 verbose get https://registry.npmjs.org/debug not expired, no request
116 silly addNameRange number 2 { name: 'debug', range: '>=2.2.0 <3.0.0', hasData: true }
117 silly addNameRange versions [ 'debug',
117 silly addNameRange   [ '0.0.1',
117 silly addNameRange     '0.1.0',
117 silly addNameRange     '0.2.0',
117 silly addNameRange     '0.3.0',
117 silly addNameRange     '0.4.0',
117 silly addNameRange     '0.4.1',
117 silly addNameRange     '0.5.0',
117 silly addNameRange     '0.6.0',
117 silly addNameRange     '0.7.0',
117 silly addNameRange     '0.7.1',
117 silly addNameRange     '0.7.2',
117 silly addNameRange     '0.7.3',
117 silly addNameRange     '0.7.4',
117 silly addNameRange     '0.8.0',
117 silly addNameRange     '0.8.1',
117 silly addNameRange     '1.0.0',
117 silly addNameRange     '1.0.1',
117 silly addNameRange     '1.0.2',
117 silly addNameRange     '1.0.3',
117 silly addNameRange     '1.0.4',
117 silly addNameRange     '2.0.0',
117 silly addNameRange     '2.1.0',
117 silly addNameRange     '2.1.1',
117 silly addNameRange     '2.1.2',
117 silly addNameRange     '2.1.3',
117 silly addNameRange     '2.2.0',
117 silly addNameRange     '2.3.0',
117 silly addNameRange     '2.3.1',
117 silly addNameRange     '2.3.2',
117 silly addNameRange     '2.3.3',
117 silly addNameRange     '2.4.0',
117 silly addNameRange     '2.4.1',
117 silly addNameRange     '2.4.2',
117 silly addNameRange     '2.4.3',
117 silly addNameRange     '2.4.4',
117 silly addNameRange     '2.4.5',
117 silly addNameRange     '2.5.0',
117 silly addNameRange     '2.5.1',
117 silly addNameRange     '2.5.2',
117 silly addNameRange     '2.6.0',
117 silly addNameRange     '2.6.1',
117 silly addNameRange     '2.6.2',
117 silly addNameRange     '2.6.3',
117 silly addNameRange     '2.6.4',
117 silly addNameRange     '2.6.5',
117 silly addNameRange     '2.6.6',
117 silly addNameRange     '2.6.7',
117 silly addNameRange     '2.6.8',
117 silly addNameRange     '1.0.5',
117 silly addNameRange     '3.0.0',
117 silly addNameRange     '3.0.1',
117 silly addNameRange     '2.6.9',
117 silly addNameRange     '3.1.0' ] ]
118 silly addNamed debug@2.6.9
119 verbose addNamed "2.6.9" is a plain semver version for debug
120 silly cache afterAdd debug@2.6.9
121 verbose afterAdd C:\Users\srira\AppData\Roaming\npm-cache\debug\2.6.9\package\package.json not in flight; writing
122 verbose correctMkdir C:\Users\srira\AppData\Roaming\npm-cache correctMkdir not in flight; initializing
123 verbose afterAdd C:\Users\srira\AppData\Roaming\npm-cache\debug\2.6.9\package\package.json written
124 http 304 https://registry.npmjs.org/nan
125 verbose headers { date: 'Sat, 19 May 2018 07:27:05 GMT',
125 verbose headers   via: '1.1 varnish',
125 verbose headers   'cache-control': 'max-age=300',
125 verbose headers   etag: '"5aabecc7-229f2"',
125 verbose headers   age: '9920',
125 verbose headers   connection: 'keep-alive',
125 verbose headers   'x-served-by': 'cache-sin18031-SIN',
125 verbose headers   'x-cache': 'HIT',
125 verbose headers   'x-cache-hits': '35',
125 verbose headers   'x-timer': 'S1526714825.144653,VS0,VE0',
125 verbose headers   vary: 'Accept-Encoding, Accept' }
126 silly get cb [ 304,
126 silly get   { date: 'Sat, 19 May 2018 07:27:05 GMT',
126 silly get     via: '1.1 varnish',
126 silly get     'cache-control': 'max-age=300',
126 silly get     etag: '"5aabecc7-229f2"',
126 silly get     age: '9920',
126 silly get     connection: 'keep-alive',
126 silly get     'x-served-by': 'cache-sin18031-SIN',
126 silly get     'x-cache': 'HIT',
126 silly get     'x-cache-hits': '35',
126 silly get     'x-timer': 'S1526714825.144653,VS0,VE0',
126 silly get     vary: 'Accept-Encoding, Accept' } ]
127 verbose etag https://registry.npmjs.org/nan from cache
128 verbose get saving nan to C:\Users\srira\AppData\Roaming\npm-cache\registry.npmjs.org\nan\.cache.json
129 verbose correctMkdir C:\Users\srira\AppData\Roaming\npm-cache correctMkdir not in flight; initializing
130 http 304 https://registry.npmjs.org/bindings
131 verbose headers { date: 'Sat, 19 May 2018 07:27:05 GMT',
131 verbose headers   via: '1.1 varnish',
131 verbose headers   'cache-control': 'max-age=300',
131 verbose headers   etag: '"5a700cb7-4c53"',
131 verbose headers   age: '7348',
131 verbose headers   connection: 'keep-alive',
131 verbose headers   'x-served-by': 'cache-sin18020-SIN',
131 verbose headers   'x-cache': 'HIT',
131 verbose headers   'x-cache-hits': '13',
131 verbose headers   'x-timer': 'S1526714825.145288,VS0,VE0',
131 verbose headers   vary: 'Accept-Encoding, Accept' }
132 silly get cb [ 304,
132 silly get   { date: 'Sat, 19 May 2018 07:27:05 GMT',
132 silly get     via: '1.1 varnish',
132 silly get     'cache-control': 'max-age=300',
132 silly get     etag: '"5a700cb7-4c53"',
132 silly get     age: '7348',
132 silly get     connection: 'keep-alive',
132 silly get     'x-served-by': 'cache-sin18020-SIN',
132 silly get     'x-cache': 'HIT',
132 silly get     'x-cache-hits': '13',
132 silly get     'x-timer': 'S1526714825.145288,VS0,VE0',
132 silly get     vary: 'Accept-Encoding, Accept' } ]
133 verbose etag https://registry.npmjs.org/bindings from cache
134 verbose get saving bindings to C:\Users\srira\AppData\Roaming\npm-cache\registry.npmjs.org\bindings\.cache.json
135 verbose correctMkdir C:\Users\srira\AppData\Roaming\npm-cache correctMkdir not in flight; initializing
136 silly resolveWithNewModule bindings@1.3.0 checking installable status
137 silly cache add args [ 'bindings@^1.2.0', null ]
138 verbose cache add spec bindings@^1.2.0
139 silly cache add parsed spec Result {
139 silly cache add   raw: 'bindings@^1.2.0',
139 silly cache add   scope: null,
139 silly cache add   escapedName: 'bindings',
139 silly cache add   name: 'bindings',
139 silly cache add   rawSpec: '^1.2.0',
139 silly cache add   spec: '>=1.2.0 <2.0.0',
139 silly cache add   type: 'range' }
140 silly addNamed bindings@>=1.2.0 <2.0.0
141 verbose addNamed ">=1.2.0 <2.0.0" is a valid semver range for bindings
142 silly addNameRange { name: 'bindings', range: '>=1.2.0 <2.0.0', hasData: false }
143 silly mapToRegistry name bindings
144 silly mapToRegistry using default registry
145 silly mapToRegistry registry https://registry.npmjs.org/
146 silly mapToRegistry data Result {
146 silly mapToRegistry   raw: 'bindings',
146 silly mapToRegistry   scope: null,
146 silly mapToRegistry   escapedName: 'bindings',
146 silly mapToRegistry   name: 'bindings',
146 silly mapToRegistry   rawSpec: '',
146 silly mapToRegistry   spec: 'latest',
146 silly mapToRegistry   type: 'tag' }
147 silly mapToRegistry uri https://registry.npmjs.org/bindings
148 verbose addNameRange registry:https://registry.npmjs.org/bindings not in flight; fetching
149 silly resolveWithNewModule nan@2.10.0 checking installable status
150 silly cache add args [ 'nan@^2.2.0', null ]
151 verbose cache add spec nan@^2.2.0
152 silly cache add parsed spec Result {
152 silly cache add   raw: 'nan@^2.2.0',
152 silly cache add   scope: null,
152 silly cache add   escapedName: 'nan',
152 silly cache add   name: 'nan',
152 silly cache add   rawSpec: '^2.2.0',
152 silly cache add   spec: '>=2.2.0 <3.0.0',
152 silly cache add   type: 'range' }
153 silly addNamed nan@>=2.2.0 <3.0.0
154 verbose addNamed ">=2.2.0 <3.0.0" is a valid semver range for nan
155 silly addNameRange { name: 'nan', range: '>=2.2.0 <3.0.0', hasData: false }
156 silly mapToRegistry name nan
157 silly mapToRegistry using default registry
158 silly mapToRegistry registry https://registry.npmjs.org/
159 silly mapToRegistry data Result {
159 silly mapToRegistry   raw: 'nan',
159 silly mapToRegistry   scope: null,
159 silly mapToRegistry   escapedName: 'nan',
159 silly mapToRegistry   name: 'nan',
159 silly mapToRegistry   rawSpec: '',
159 silly mapToRegistry   spec: 'latest',
159 silly mapToRegistry   type: 'tag' }
160 silly mapToRegistry uri https://registry.npmjs.org/nan
161 verbose addNameRange registry:https://registry.npmjs.org/nan not in flight; fetching
162 verbose get https://registry.npmjs.org/bindings not expired, no request
163 silly addNameRange number 2 { name: 'bindings', range: '>=1.2.0 <2.0.0', hasData: true }
164 silly addNameRange versions [ 'bindings',
164 silly addNameRange   [ '0.0.1',
164 silly addNameRange     '0.1.0',
164 silly addNameRange     '0.1.1',
164 silly addNameRange     '0.2.0',
164 silly addNameRange     '0.2.1',
164 silly addNameRange     '0.2.2',
164 silly addNameRange     '0.2.3',
164 silly addNameRange     '0.2.4',
164 silly addNameRange     '0.3.0',
164 silly addNameRange     '0.4.0',
164 silly addNameRange     '1.0.0',
164 silly addNameRange     '1.1.0',
164 silly addNameRange     '1.1.1',
164 silly addNameRange     '1.2.0',
164 silly addNameRange     '1.2.1',
164 silly addNameRange     '1.3.0' ] ]
165 silly addNamed bindings@1.3.0
166 verbose addNamed "1.3.0" is a plain semver version for bindings
167 verbose get https://registry.npmjs.org/nan not expired, no request
168 silly addNameRange number 2 { name: 'nan', range: '>=2.2.0 <3.0.0', hasData: true }
169 silly addNameRange versions [ 'nan',
169 silly addNameRange   [ '0.3.0-wip',
169 silly addNameRange     '0.3.0-wip2',
169 silly addNameRange     '0.3.0',
169 silly addNameRange     '0.3.1',
169 silly addNameRange     '0.3.2',
169 silly addNameRange     '0.4.0',
169 silly addNameRange     '0.4.1',
169 silly addNameRange     '0.4.2',
169 silly addNameRange     '0.4.3',
169 silly addNameRange     '0.4.4',
169 silly addNameRange     '0.5.0',
169 silly addNameRange     '0.5.1',
169 silly addNameRange     '0.5.2',
169 silly addNameRange     '0.6.0',
169 silly addNameRange     '0.7.0',
169 silly addNameRange     '0.7.1',
169 silly addNameRange     '0.8.0',
169 silly addNameRange     '1.0.0',
169 silly addNameRange     '1.1.0',
169 silly addNameRange     '1.1.1',
169 silly addNameRange     '1.1.2',
169 silly addNameRange     '1.2.0',
169 silly addNameRange     '1.3.0',
169 silly addNameRange     '1.4.0',
169 silly addNameRange     '1.4.1',
169 silly addNameRange     '1.5.0',
169 silly addNameRange     '1.4.2',
169 silly addNameRange     '1.4.3',
169 silly addNameRange     '1.5.1',
169 silly addNameRange     '1.5.2',
169 silly addNameRange     '1.6.0',
169 silly addNameRange     '1.5.3',
169 silly addNameRange     '1.6.1',
169 silly addNameRange     '1.6.2',
169 silly addNameRange     '1.7.0',
169 silly addNameRange     '1.8.0',
169 silly addNameRange     '1.8.1',
169 silly addNameRange     '1.8.2',
169 silly addNameRange     '1.8.3',
169 silly addNameRange     '1.8.4',
169 silly addNameRange     '1.9.0',
169 silly addNameRange     '2.0.0',
169 silly addNameRange     '2.0.1',
169 silly addNameRange     '2.0.2',
169 silly addNameRange     '2.0.3',
169 silly addNameRange     '2.0.4',
169 silly addNameRange     '2.0.5',
169 silly addNameRange     '2.0.6',
169 silly addNameRange     '2.0.7',
169 silly addNameRange     '2.0.8',
169 silly addNameRange     '2.0.9',
169 silly addNameRange     '2.1.0',
169 silly addNameRange     '2.2.0',
169 silly addNameRange     '2.2.1',
169 silly addNameRange     '2.3.0',
169 silly addNameRange     '2.3.1',
169 silly addNameRange     '2.3.2',
169 silly addNameRange     '2.3.3',
169 silly addNameRange     '2.3.4',
169 silly addNameRange     '2.3.5',
169 silly addNameRange     '2.4.0',
169 silly addNameRange     '2.5.0',
169 silly addNameRange     '2.5.1',
169 silly addNameRange     '2.6.0',
169 silly addNameRange     '2.6.1',
169 silly addNameRange     '2.6.2',
169 silly addNameRange     '2.7.0',
169 silly addNameRange     '2.8.0',
169 silly addNameRange     '2.9.1',
169 silly addNameRange     '2.9.2',
169 silly addNameRange     '2.10.0' ] ]
170 silly addNamed nan@2.10.0
171 verbose addNamed "2.10.0" is a plain semver version for nan
172 silly cache afterAdd bindings@1.3.0
173 verbose afterAdd C:\Users\srira\AppData\Roaming\npm-cache\bindings\1.3.0\package\package.json not in flight; writing
174 verbose correctMkdir C:\Users\srira\AppData\Roaming\npm-cache correctMkdir not in flight; initializing
175 silly cache afterAdd nan@2.10.0
176 verbose afterAdd C:\Users\srira\AppData\Roaming\npm-cache\nan\2.10.0\package\package.json not in flight; writing
177 verbose correctMkdir C:\Users\srira\AppData\Roaming\npm-cache correctMkdir not in flight; initializing
178 verbose afterAdd C:\Users\srira\AppData\Roaming\npm-cache\bindings\1.3.0\package\package.json written
179 verbose afterAdd C:\Users\srira\AppData\Roaming\npm-cache\nan\2.10.0\package\package.json written
180 silly fetchNamedPackageData fsevents
181 silly mapToRegistry name fsevents
182 silly mapToRegistry using default registry
183 silly mapToRegistry registry https://registry.npmjs.org/
184 silly mapToRegistry data Result {
184 silly mapToRegistry   raw: 'fsevents',
184 silly mapToRegistry   scope: null,
184 silly mapToRegistry   escapedName: 'fsevents',
184 silly mapToRegistry   name: 'fsevents',
184 silly mapToRegistry   rawSpec: '',
184 silly mapToRegistry   spec: 'latest',
184 silly mapToRegistry   type: 'tag' }
185 silly mapToRegistry uri https://registry.npmjs.org/fsevents
186 verbose request uri https://registry.npmjs.org/fsevents
187 verbose request no auth needed
188 info attempt registry request try #1 at 12:57:05 PM
189 verbose etag "5afaf37f-11155"
190 verbose lastModified Tue, 15 May 2018 14:49:35 GMT
191 http request GET https://registry.npmjs.org/fsevents
192 http 304 https://registry.npmjs.org/fsevents
193 verbose headers { date: 'Sat, 19 May 2018 07:27:05 GMT',
193 verbose headers   via: '1.1 varnish',
193 verbose headers   'cache-control': 'max-age=300',
193 verbose headers   etag: '"5afaf37f-11155"',
193 verbose headers   age: '2117',
193 verbose headers   connection: 'keep-alive',
193 verbose headers   'x-served-by': 'cache-sin18035-SIN',
193 verbose headers   'x-cache': 'HIT',
193 verbose headers   'x-cache-hits': '44',
193 verbose headers   'x-timer': 'S1526714826.504823,VS0,VE0',
193 verbose headers   vary: 'Accept-Encoding, Accept' }
194 silly get cb [ 304,
194 silly get   { date: 'Sat, 19 May 2018 07:27:05 GMT',
194 silly get     via: '1.1 varnish',
194 silly get     'cache-control': 'max-age=300',
194 silly get     etag: '"5afaf37f-11155"',
194 silly get     age: '2117',
194 silly get     connection: 'keep-alive',
194 silly get     'x-served-by': 'cache-sin18035-SIN',
194 silly get     'x-cache': 'HIT',
194 silly get     'x-cache-hits': '44',
194 silly get     'x-timer': 'S1526714826.504823,VS0,VE0',
194 silly get     vary: 'Accept-Encoding, Accept' } ]
195 verbose etag https://registry.npmjs.org/fsevents from cache
196 verbose get saving fsevents to C:\Users\srira\AppData\Roaming\npm-cache\registry.npmjs.org\fsevents\.cache.json
197 verbose correctMkdir C:\Users\srira\AppData\Roaming\npm-cache correctMkdir not in flight; initializing
198 silly resolveWithNewModule fsevents@1.2.4 checking installable status
199 silly loadAllDepsIntoIdealTree Finishing
200 silly loadIdealTree Finishing
201 silly currentTree hostel@1.0.0
201 silly currentTree +-- abbrev@1.1.1
201 silly currentTree +-- accepts@1.3.5
201 silly currentTree +-- ansi-align@2.0.0
201 silly currentTree +-- ansi-regex@3.0.0
201 silly currentTree +-- ansi-styles@3.2.1
201 silly currentTree +-- anymatch@2.0.0
201 silly currentTree +-- arr-diff@4.0.0
201 silly currentTree +-- arr-flatten@1.1.0
201 silly currentTree +-- arr-union@3.1.0
201 silly currentTree +-- array-flatten@1.1.1
201 silly currentTree +-- array-unique@0.3.2
201 silly currentTree +-- assign-symbols@1.0.0
201 silly currentTree +-- async-each@1.0.1
201 silly currentTree +-- async@1.5.2
201 silly currentTree +-- atob@2.1.1
201 silly currentTree +-- babel-runtime@6.26.0
201 silly currentTree +-- balanced-match@1.0.0
201 silly currentTree +-- base@0.11.2
201 silly currentTree | +-- define-property@1.0.0
201 silly currentTree | +-- is-accessor-descriptor@1.0.0
201 silly currentTree | +-- is-data-descriptor@1.0.0
201 silly currentTree | `-- is-descriptor@1.0.2
201 silly currentTree +-- bignumber.js@4.0.4
201 silly currentTree +-- binary-extensions@1.11.0
201 silly currentTree +-- body-parser@1.18.2
201 silly currentTree | `-- debug@2.6.9
201 silly currentTree +-- boxen@1.3.0
201 silly currentTree +-- brace-expansion@1.1.11
201 silly currentTree +-- braces@2.3.2
201 silly currentTree | `-- extend-shallow@2.0.1
201 silly currentTree +-- browser-stdout@1.3.0
201 silly currentTree +-- bytes@3.0.0
201 silly currentTree +-- cache-base@1.0.1
201 silly currentTree +-- camelcase@4.1.0
201 silly currentTree +-- capture-stack-trace@1.0.0
201 silly currentTree +-- chalk@2.4.1
201 silly currentTree +-- chokidar@2.0.3
201 silly currentTree +-- ci-info@1.1.3
201 silly currentTree +-- class-utils@0.3.6
201 silly currentTree | `-- define-property@0.2.5
201 silly currentTree +-- cli-boxes@1.0.0
201 silly currentTree +-- collection-visit@1.0.0
201 silly currentTree +-- color-convert@1.9.1
201 silly currentTree +-- color-name@1.1.3
201 silly currentTree +-- combined-stream@1.0.6
201 silly currentTree +-- commander@2.11.0
201 silly currentTree +-- component-emitter@1.2.1
201 silly currentTree +-- concat-map@0.0.1
201 silly currentTree +-- configstore@3.1.2
201 silly currentTree +-- content-disposition@0.5.2
201 silly currentTree +-- content-type@1.0.4
201 silly currentTree +-- cookie-signature@1.0.6
201 silly currentTree +-- cookie@0.3.1
201 silly currentTree +-- cookiejar@2.1.1
201 silly currentTree +-- copy-descriptor@0.1.1
201 silly currentTree +-- core-js@2.5.6
201 silly currentTree +-- core-util-is@1.0.2
201 silly currentTree +-- create-error-class@3.0.2
201 silly currentTree +-- cross-spawn@5.1.0
201 silly currentTree +-- crypto-random-string@1.0.0
201 silly currentTree +-- debug@3.1.0
201 silly currentTree +-- decode-uri-component@0.2.0
201 silly currentTree +-- deep-extend@0.5.1
201 silly currentTree +-- define-property@2.0.2
201 silly currentTree | +-- is-accessor-descriptor@1.0.0
201 silly currentTree | +-- is-data-descriptor@1.0.0
201 silly currentTree | `-- is-descriptor@1.0.2
201 silly currentTree +-- delayed-stream@1.0.0
201 silly currentTree +-- depd@1.1.2
201 silly currentTree +-- destroy@1.0.4
201 silly currentTree +-- diff@3.3.1
201 silly currentTree +-- dot-prop@4.2.0
201 silly currentTree +-- duplexer@0.1.1
201 silly currentTree +-- duplexer3@0.1.4
201 silly currentTree +-- ee-first@1.1.1
201 silly currentTree +-- encodeurl@1.0.2
201 silly currentTree +-- escape-html@1.0.3
201 silly currentTree +-- escape-string-regexp@1.0.5
201 silly currentTree +-- etag@1.8.1
201 silly currentTree +-- event-stream@3.3.4
201 silly currentTree +-- execa@0.7.0
201 silly currentTree +-- expand-brackets@2.1.4
201 silly currentTree | +-- debug@2.6.9
201 silly currentTree | +-- define-property@0.2.5
201 silly currentTree | `-- extend-shallow@2.0.1
201 silly currentTree +-- express@4.16.3
201 silly currentTree | +-- debug@2.6.9
201 silly currentTree | `-- safe-buffer@5.1.1
201 silly currentTree +-- extend-shallow@3.0.2
201 silly currentTree | `-- is-extendable@1.0.1
201 silly currentTree +-- extend@3.0.1
201 silly currentTree +-- extglob@2.0.4
201 silly currentTree | +-- define-property@1.0.0
201 silly currentTree | +-- extend-shallow@2.0.1
201 silly currentTree | +-- is-accessor-descriptor@1.0.0
201 silly currentTree | +-- is-data-descriptor@1.0.0
201 silly currentTree | `-- is-descriptor@1.0.2
201 silly currentTree +-- fcm-node@1.2.1
201 silly currentTree +-- fill-range@4.0.0
201 silly currentTree | `-- extend-shallow@2.0.1
201 silly currentTree +-- finalhandler@1.1.1
201 silly currentTree | `-- debug@2.6.9
201 silly currentTree +-- firebase-admin@4.2.1
201 silly currentTree | +-- @types/jsonwebtoken@7.2.0
201 silly currentTree | +-- @types/node@7.0.12
201 silly currentTree | +-- base64url@2.0.0
201 silly currentTree | +-- buffer-equal-constant-time@1.0.1
201 silly currentTree | +-- ecdsa-sig-formatter@1.0.9
201 silly currentTree | +-- faye-websocket@0.9.3
201 silly currentTree | +-- hoek@2.16.3
201 silly currentTree | +-- isemail@1.2.0
201 silly currentTree | +-- joi@6.10.1
201 silly currentTree | +-- jsonwebtoken@7.1.9
201 silly currentTree | +-- jwa@1.1.5
201 silly currentTree | +-- jws@3.1.4
201 silly currentTree | +-- lodash.once@4.1.1
201 silly currentTree | +-- moment@2.18.1
201 silly currentTree | +-- ms@0.7.3
201 silly currentTree | +-- safe-buffer@5.0.1
201 silly currentTree | +-- topo@1.1.0
201 silly currentTree | +-- websocket-driver@0.6.5
201 silly currentTree | +-- websocket-extensions@0.1.1
201 silly currentTree | `-- xtend@4.0.1
201 silly currentTree +-- for-in@1.0.2
201 silly currentTree +-- form-data@1.0.0-rc4
201 silly currentTree +-- formidable@1.2.1
201 silly currentTree +-- forwarded@0.1.2
201 silly currentTree +-- fragment-cache@0.2.1
201 silly currentTree +-- fresh@0.5.2
201 silly currentTree +-- from@0.1.7
201 silly currentTree +-- fs.realpath@1.0.0
201 silly currentTree +-- get-stream@3.0.0
201 silly currentTree +-- get-value@2.0.6
201 silly currentTree +-- glob-parent@3.1.0
201 silly currentTree | `-- is-glob@3.1.0
201 silly currentTree +-- glob@7.1.2
201 silly currentTree +-- global-dirs@0.1.1
201 silly currentTree +-- got@6.7.1
201 silly currentTree +-- graceful-fs@4.1.11
201 silly currentTree +-- growl@1.10.3
201 silly currentTree +-- has-flag@3.0.0
201 silly currentTree +-- has-value@1.0.0
201 silly currentTree +-- has-values@1.0.0
201 silly currentTree | `-- kind-of@4.0.0
201 silly currentTree +-- he@1.1.1
201 silly currentTree +-- hoek@4.2.1
201 silly currentTree +-- http-errors@1.6.3
201 silly currentTree +-- iconv-lite@0.4.19
201 silly currentTree +-- ignore-by-default@1.0.1
201 silly currentTree +-- import-lazy@2.1.0
201 silly currentTree +-- imurmurhash@0.1.4
201 silly currentTree +-- inflight@1.0.6
201 silly currentTree +-- inherits@2.0.3
201 silly currentTree +-- ini@1.3.5
201 silly currentTree +-- ipaddr.js@1.6.0
201 silly currentTree +-- is-accessor-descriptor@0.1.6
201 silly currentTree | `-- kind-of@3.2.2
201 silly currentTree +-- is-binary-path@1.0.1
201 silly currentTree +-- is-buffer@1.1.6
201 silly currentTree +-- is-ci@1.1.0
201 silly currentTree +-- is-data-descriptor@0.1.4
201 silly currentTree | `-- kind-of@3.2.2
201 silly currentTree +-- is-descriptor@0.1.6
201 silly currentTree | `-- kind-of@5.1.0
201 silly currentTree +-- is-extendable@0.1.1
201 silly currentTree +-- is-extglob@2.1.1
201 silly currentTree +-- is-fullwidth-code-point@2.0.0
201 silly currentTree +-- is-glob@4.0.0
201 silly currentTree +-- is-installed-globally@0.1.0
201 silly currentTree +-- is-npm@1.0.0
201 silly currentTree +-- is-number@3.0.0
201 silly currentTree | `-- kind-of@3.2.2
201 silly currentTree +-- is-obj@1.0.1
201 silly currentTree +-- is-odd@2.0.0
201 silly currentTree | `-- is-number@4.0.0
201 silly currentTree +-- is-path-inside@1.0.1
201 silly currentTree +-- is-plain-object@2.0.4
201 silly currentTree +-- is-redirect@1.0.0
201 silly currentTree +-- is-retry-allowed@1.1.0
201 silly currentTree +-- is-stream@1.1.0
201 silly currentTree +-- is-windows@1.0.2
201 silly currentTree +-- isarray@1.0.0
201 silly currentTree +-- isemail@2.2.1
201 silly currentTree +-- isexe@2.0.0
201 silly currentTree +-- isobject@3.0.1
201 silly currentTree +-- items@2.1.1
201 silly currentTree +-- joi@9.1.0
201 silly currentTree +-- kind-of@6.0.2
201 silly currentTree +-- latest-version@3.1.0
201 silly currentTree +-- lowercase-keys@1.0.1
201 silly currentTree +-- lru-cache@4.1.3
201 silly currentTree +-- make-dir@1.3.0
201 silly currentTree +-- map-cache@0.2.2
201 silly currentTree +-- map-stream@0.1.0
201 silly currentTree +-- map-visit@1.0.0
201 silly currentTree +-- media-typer@0.3.0
201 silly currentTree +-- merge-descriptors@1.0.1
201 silly currentTree +-- methods@1.1.2
201 silly currentTree +-- micromatch@3.1.10
201 silly currentTree +-- mime-db@1.33.0
201 silly currentTree +-- mime-types@2.1.18
201 silly currentTree +-- mime@1.4.1
201 silly currentTree +-- minimatch@3.0.4
201 silly currentTree +-- minimist@1.2.0
201 silly currentTree +-- mixin-deep@1.3.1
201 silly currentTree | `-- is-extendable@1.0.1
201 silly currentTree +-- mkdirp@0.5.1
201 silly currentTree | `-- minimist@0.0.8
201 silly currentTree +-- mocha@4.1.0
201 silly currentTree | +-- has-flag@2.0.0
201 silly currentTree | `-- supports-color@4.4.0
201 silly currentTree +-- moment@2.22.1
201 silly currentTree +-- ms@2.0.0
201 silly currentTree +-- mysql@2.15.0
201 silly currentTree | +-- process-nextick-args@1.0.7
201 silly currentTree | +-- readable-stream@2.3.3
201 silly currentTree | +-- safe-buffer@5.1.1
201 silly currentTree | `-- string_decoder@1.0.3
201 silly currentTree +-- nanomatch@1.2.9
201 silly currentTree +-- negotiator@0.6.1
201 silly currentTree +-- node-onesignal-api@0.0.2
201 silly currentTree +-- node-onesignal@0.3.1
201 silly currentTree +-- node-opensignal-api@0.0.3
201 silly currentTree +-- nodemon@1.17.4
201 silly currentTree +-- nopt@1.0.10
201 silly currentTree +-- normalize-path@2.1.1
201 silly currentTree +-- npm-run-path@2.0.2
201 silly currentTree +-- object-copy@0.1.0
201 silly currentTree | +-- define-property@0.2.5
201 silly currentTree | `-- kind-of@3.2.2
201 silly currentTree +-- object-visit@1.0.1
201 silly currentTree +-- object.pick@1.3.0
201 silly currentTree +-- on-finished@2.3.0
201 silly currentTree +-- once@1.4.0
201 silly currentTree +-- p-finally@1.0.0
201 silly currentTree +-- package-json@4.0.1
201 silly currentTree +-- parseurl@1.3.2
201 silly currentTree +-- pascalcase@0.1.1
201 silly currentTree +-- path-dirname@1.0.2
201 silly currentTree +-- path-is-absolute@1.0.1
201 silly currentTree +-- path-is-inside@1.0.2
201 silly currentTree +-- path-key@2.0.1
201 silly currentTree +-- path-to-regexp@0.1.7
201 silly currentTree +-- pause-stream@0.0.11
201 silly currentTree +-- pify@3.0.0
201 silly currentTree +-- posix-character-classes@0.1.1
201 silly currentTree +-- prepend-http@1.0.4
201 silly currentTree +-- process-nextick-args@2.0.0
201 silly currentTree +-- proxy-addr@2.0.3
201 silly currentTree +-- ps-tree@1.1.0
201 silly currentTree +-- pseudomap@1.0.2
201 silly currentTree +-- pstree.remy@1.1.0
201 silly currentTree +-- qs@6.5.1
201 silly currentTree +-- range-parser@1.2.0
201 silly currentTree +-- raw-body@2.3.2
201 silly currentTree | +-- depd@1.1.1
201 silly currentTree | +-- http-errors@1.6.2
201 silly currentTree | `-- setprototypeof@1.0.3
201 silly currentTree +-- rc@1.2.7
201 silly currentTree +-- readable-stream@2.3.6
201 silly currentTree +-- readdirp@2.1.0
201 silly currentTree +-- regenerator-runtime@0.11.1
201 silly currentTree +-- regex-not@1.0.2
201 silly currentTree +-- registry-auth-token@3.3.2
201 silly currentTree +-- registry-url@3.1.0
201 silly currentTree +-- remove-trailing-separator@1.1.0
201 silly currentTree +-- repeat-element@1.1.2
201 silly currentTree +-- repeat-string@1.6.1
201 silly currentTree +-- request@2.9.153
201 silly currentTree +-- resolve-url@0.2.1
201 silly currentTree +-- ret@0.1.15
201 silly currentTree +-- retry@0.9.0
201 silly currentTree +-- safe-buffer@5.1.2
201 silly currentTree +-- safe-regex@1.1.0
201 silly currentTree +-- semver-diff@2.1.0
201 silly currentTree +-- semver@5.5.0
201 silly currentTree +-- send@0.16.2
201 silly currentTree | `-- debug@2.6.9
201 silly currentTree +-- serve-static@1.13.2
201 silly currentTree +-- set-immediate-shim@1.0.1
201 silly currentTree +-- set-value@2.0.0
201 silly currentTree | `-- extend-shallow@2.0.1
201 silly currentTree +-- setprototypeof@1.1.0
201 silly currentTree +-- shebang-command@1.2.0
201 silly currentTree +-- shebang-regex@1.0.0
201 silly currentTree +-- signal-exit@3.0.2
201 silly currentTree +-- snapdragon-node@2.1.1
201 silly currentTree | +-- define-property@1.0.0
201 silly currentTree | +-- is-accessor-descriptor@1.0.0
201 silly currentTree | +-- is-data-descriptor@1.0.0
201 silly currentTree | `-- is-descriptor@1.0.2
201 silly currentTree +-- snapdragon-util@3.0.1
201 silly currentTree | `-- kind-of@3.2.2
201 silly currentTree +-- snapdragon@0.8.2
201 silly currentTree | +-- debug@2.6.9
201 silly currentTree | +-- define-property@0.2.5
201 silly currentTree | `-- extend-shallow@2.0.1
201 silly currentTree +-- source-map-resolve@0.5.2
201 silly currentTree +-- source-map-url@0.4.0
201 silly currentTree +-- source-map@0.5.7
201 silly currentTree +-- split-string@3.1.0
201 silly currentTree +-- split@0.3.3
201 silly currentTree +-- sqlstring@2.3.0
201 silly currentTree +-- static-extend@0.1.2
201 silly currentTree | `-- define-property@0.2.5
201 silly currentTree +-- statuses@1.4.0
201 silly currentTree +-- stream-combiner@0.0.4
201 silly currentTree +-- string_decoder@1.1.1
201 silly currentTree +-- string-width@2.1.1
201 silly currentTree +-- strip-ansi@4.0.0
201 silly currentTree +-- strip-eof@1.0.0
201 silly currentTree +-- strip-json-comments@2.0.1
201 silly currentTree +-- superagent@2.3.0
201 silly currentTree | `-- debug@2.6.9
201 silly currentTree +-- supports-color@5.4.0
201 silly currentTree +-- term-size@1.2.0
201 silly currentTree +-- through@2.3.8
201 silly currentTree +-- timed-out@4.0.1
201 silly currentTree +-- to-object-path@0.3.0
201 silly currentTree | `-- kind-of@3.2.2
201 silly currentTree +-- to-regex-range@2.1.1
201 silly currentTree +-- to-regex@3.0.2
201 silly currentTree +-- topo@2.0.2
201 silly currentTree +-- touch@3.1.0
201 silly currentTree +-- type-is@1.6.16
201 silly currentTree +-- undefsafe@2.0.2
201 silly currentTree | `-- debug@2.6.9
201 silly currentTree +-- union-value@1.0.0
201 silly currentTree | +-- extend-shallow@2.0.1
201 silly currentTree | `-- set-value@0.4.3
201 silly currentTree +-- unique-string@1.0.0
201 silly currentTree +-- unpipe@1.0.0
201 silly currentTree +-- unset-value@1.0.0
201 silly currentTree | +-- has-value@0.3.1
201 silly currentTree | | `-- isobject@2.1.0
201 silly currentTree | `-- has-values@0.1.4
201 silly currentTree +-- unzip-response@2.0.1
201 silly currentTree +-- upath@1.0.5
201 silly currentTree +-- update-notifier@2.5.0
201 silly currentTree +-- urix@0.1.0
201 silly currentTree +-- url-parse-lax@1.0.0
201 silly currentTree +-- use@3.1.0
201 silly currentTree +-- util-deprecate@1.0.2
201 silly currentTree +-- utils-merge@1.0.1
201 silly currentTree +-- vary@1.1.2
201 silly currentTree +-- which@1.3.0
201 silly currentTree +-- widest-line@2.0.0
201 silly currentTree +-- wrappy@1.0.2
201 silly currentTree +-- write-file-atomic@2.3.0
201 silly currentTree +-- xdg-basedir@3.0.0
201 silly currentTree `-- yallist@2.1.2
202 silly idealTree hostel@1.0.0
202 silly idealTree +-- abbrev@1.1.1
202 silly idealTree +-- accepts@1.3.5
202 silly idealTree +-- ansi-align@2.0.0
202 silly idealTree +-- ansi-regex@3.0.0
202 silly idealTree +-- ansi-styles@3.2.1
202 silly idealTree +-- anymatch@2.0.0
202 silly idealTree +-- arr-diff@4.0.0
202 silly idealTree +-- arr-flatten@1.1.0
202 silly idealTree +-- arr-union@3.1.0
202 silly idealTree +-- array-flatten@1.1.1
202 silly idealTree +-- array-unique@0.3.2
202 silly idealTree +-- assign-symbols@1.0.0
202 silly idealTree +-- async-each@1.0.1
202 silly idealTree +-- async@1.5.2
202 silly idealTree +-- atob@2.1.1
202 silly idealTree +-- babel-runtime@6.26.0
202 silly idealTree +-- balanced-match@1.0.0
202 silly idealTree +-- base@0.11.2
202 silly idealTree | +-- define-property@1.0.0
202 silly idealTree | +-- is-accessor-descriptor@1.0.0
202 silly idealTree | +-- is-data-descriptor@1.0.0
202 silly idealTree | `-- is-descriptor@1.0.2
202 silly idealTree +-- bignumber.js@4.0.4
202 silly idealTree +-- binary-extensions@1.11.0
202 silly idealTree +-- bindings@1.3.0
202 silly idealTree +-- body-parser@1.18.2
202 silly idealTree | `-- debug@2.6.9
202 silly idealTree +-- boxen@1.3.0
202 silly idealTree +-- brace-expansion@1.1.11
202 silly idealTree +-- braces@2.3.2
202 silly idealTree | `-- extend-shallow@2.0.1
202 silly idealTree +-- browser-stdout@1.3.0
202 silly idealTree +-- bytes@3.0.0
202 silly idealTree +-- cache-base@1.0.1
202 silly idealTree +-- camelcase@4.1.0
202 silly idealTree +-- capture-stack-trace@1.0.0
202 silly idealTree +-- chalk@2.4.1
202 silly idealTree +-- chokidar@2.0.3
202 silly idealTree +-- ci-info@1.1.3
202 silly idealTree +-- class-utils@0.3.6
202 silly idealTree | `-- define-property@0.2.5
202 silly idealTree +-- cli-boxes@1.0.0
202 silly idealTree +-- collection-visit@1.0.0
202 silly idealTree +-- color-convert@1.9.1
202 silly idealTree +-- color-name@1.1.3
202 silly idealTree +-- combined-stream@1.0.6
202 silly idealTree +-- commander@2.11.0
202 silly idealTree +-- component-emitter@1.2.1
202 silly idealTree +-- concat-map@0.0.1
202 silly idealTree +-- configstore@3.1.2
202 silly idealTree +-- content-disposition@0.5.2
202 silly idealTree +-- content-type@1.0.4
202 silly idealTree +-- cookie-signature@1.0.6
202 silly idealTree +-- cookie@0.3.1
202 silly idealTree +-- cookiejar@2.1.1
202 silly idealTree +-- copy-descriptor@0.1.1
202 silly idealTree +-- core-js@2.5.6
202 silly idealTree +-- core-util-is@1.0.2
202 silly idealTree +-- create-error-class@3.0.2
202 silly idealTree +-- cross-spawn@5.1.0
202 silly idealTree +-- crypto-random-string@1.0.0
202 silly idealTree +-- debug@3.1.0
202 silly idealTree +-- decode-uri-component@0.2.0
202 silly idealTree +-- deep-extend@0.5.1
202 silly idealTree +-- define-property@2.0.2
202 silly idealTree | +-- is-accessor-descriptor@1.0.0
202 silly idealTree | +-- is-data-descriptor@1.0.0
202 silly idealTree | `-- is-descriptor@1.0.2
202 silly idealTree +-- delayed-stream@1.0.0
202 silly idealTree +-- depd@1.1.2
202 silly idealTree +-- destroy@1.0.4
202 silly idealTree +-- diff@3.3.1
202 silly idealTree +-- dot-prop@4.2.0
202 silly idealTree +-- duplexer@0.1.1
202 silly idealTree +-- duplexer3@0.1.4
202 silly idealTree +-- ee-first@1.1.1
202 silly idealTree +-- encodeurl@1.0.2
202 silly idealTree +-- escape-html@1.0.3
202 silly idealTree +-- escape-string-regexp@1.0.5
202 silly idealTree +-- etag@1.8.1
202 silly idealTree +-- event-stream@3.3.4
202 silly idealTree +-- execa@0.7.0
202 silly idealTree +-- expand-brackets@2.1.4
202 silly idealTree | +-- debug@2.6.9
202 silly idealTree | +-- define-property@0.2.5
202 silly idealTree | `-- extend-shallow@2.0.1
202 silly idealTree +-- express@4.16.3
202 silly idealTree | +-- debug@2.6.9
202 silly idealTree | `-- safe-buffer@5.1.1
202 silly idealTree +-- extend-shallow@3.0.2
202 silly idealTree | `-- is-extendable@1.0.1
202 silly idealTree +-- extend@3.0.1
202 silly idealTree +-- extglob@2.0.4
202 silly idealTree | +-- define-property@1.0.0
202 silly idealTree | +-- extend-shallow@2.0.1
202 silly idealTree | +-- is-accessor-descriptor@1.0.0
202 silly idealTree | +-- is-data-descriptor@1.0.0
202 silly idealTree | `-- is-descriptor@1.0.2
202 silly idealTree +-- fcm-node@1.2.1
202 silly idealTree +-- fill-range@4.0.0
202 silly idealTree | `-- extend-shallow@2.0.1
202 silly idealTree +-- finalhandler@1.1.1
202 silly idealTree | `-- debug@2.6.9
202 silly idealTree +-- firebase-admin@4.2.1
202 silly idealTree | +-- @types/jsonwebtoken@7.2.0
202 silly idealTree | +-- @types/node@7.0.12
202 silly idealTree | +-- base64url@2.0.0
202 silly idealTree | +-- buffer-equal-constant-time@1.0.1
202 silly idealTree | +-- ecdsa-sig-formatter@1.0.9
202 silly idealTree | +-- faye-websocket@0.9.3
202 silly idealTree | +-- hoek@2.16.3
202 silly idealTree | +-- isemail@1.2.0
202 silly idealTree | +-- joi@6.10.1
202 silly idealTree | +-- jsonwebtoken@7.1.9
202 silly idealTree | +-- jwa@1.1.5
202 silly idealTree | +-- jws@3.1.4
202 silly idealTree | +-- lodash.once@4.1.1
202 silly idealTree | +-- moment@2.18.1
202 silly idealTree | +-- ms@0.7.3
202 silly idealTree | +-- safe-buffer@5.0.1
202 silly idealTree | +-- topo@1.1.0
202 silly idealTree | +-- websocket-driver@0.6.5
202 silly idealTree | +-- websocket-extensions@0.1.1
202 silly idealTree | `-- xtend@4.0.1
202 silly idealTree +-- for-in@1.0.2
202 silly idealTree +-- form-data@1.0.0-rc4
202 silly idealTree +-- formidable@1.2.1
202 silly idealTree +-- forwarded@0.1.2
202 silly idealTree +-- fragment-cache@0.2.1
202 silly idealTree +-- fresh@0.5.2
202 silly idealTree +-- from@0.1.7
202 silly idealTree +-- fs.realpath@1.0.0
202 silly idealTree +-- get-stream@3.0.0
202 silly idealTree +-- get-value@2.0.6
202 silly idealTree +-- glob-parent@3.1.0
202 silly idealTree | `-- is-glob@3.1.0
202 silly idealTree +-- glob@7.1.2
202 silly idealTree +-- global-dirs@0.1.1
202 silly idealTree +-- got@6.7.1
202 silly idealTree +-- graceful-fs@4.1.11
202 silly idealTree +-- growl@1.10.3
202 silly idealTree +-- has-flag@3.0.0
202 silly idealTree +-- has-value@1.0.0
202 silly idealTree +-- has-values@1.0.0
202 silly idealTree | `-- kind-of@4.0.0
202 silly idealTree +-- he@1.1.1
202 silly idealTree +-- hoek@4.2.1
202 silly idealTree +-- http-errors@1.6.3
202 silly idealTree +-- iconv-lite@0.4.19
202 silly idealTree +-- ignore-by-default@1.0.1
202 silly idealTree +-- import-lazy@2.1.0
202 silly idealTree +-- imurmurhash@0.1.4
202 silly idealTree +-- inflight@1.0.6
202 silly idealTree +-- inherits@2.0.3
202 silly idealTree +-- ini@1.3.5
202 silly idealTree +-- ipaddr.js@1.6.0
202 silly idealTree +-- is-accessor-descriptor@0.1.6
202 silly idealTree | `-- kind-of@3.2.2
202 silly idealTree +-- is-binary-path@1.0.1
202 silly idealTree +-- is-buffer@1.1.6
202 silly idealTree +-- is-ci@1.1.0
202 silly idealTree +-- is-data-descriptor@0.1.4
202 silly idealTree | `-- kind-of@3.2.2
202 silly idealTree +-- is-descriptor@0.1.6
202 silly idealTree | `-- kind-of@5.1.0
202 silly idealTree +-- is-extendable@0.1.1
202 silly idealTree +-- is-extglob@2.1.1
202 silly idealTree +-- is-fullwidth-code-point@2.0.0
202 silly idealTree +-- is-glob@4.0.0
202 silly idealTree +-- is-installed-globally@0.1.0
202 silly idealTree +-- is-npm@1.0.0
202 silly idealTree +-- is-number@3.0.0
202 silly idealTree | `-- kind-of@3.2.2
202 silly idealTree +-- is-obj@1.0.1
202 silly idealTree +-- is-odd@2.0.0
202 silly idealTree | `-- is-number@4.0.0
202 silly idealTree +-- is-path-inside@1.0.1
202 silly idealTree +-- is-plain-object@2.0.4
202 silly idealTree +-- is-redirect@1.0.0
202 silly idealTree +-- is-retry-allowed@1.1.0
202 silly idealTree +-- is-stream@1.1.0
202 silly idealTree +-- is-windows@1.0.2
202 silly idealTree +-- isarray@1.0.0
202 silly idealTree +-- isemail@2.2.1
202 silly idealTree +-- isexe@2.0.0
202 silly idealTree +-- isobject@3.0.1
202 silly idealTree +-- items@2.1.1
202 silly idealTree +-- joi@9.1.0
202 silly idealTree +-- kind-of@6.0.2
202 silly idealTree +-- latest-version@3.1.0
202 silly idealTree +-- lowercase-keys@1.0.1
202 silly idealTree +-- lru-cache@4.1.3
202 silly idealTree +-- make-dir@1.3.0
202 silly idealTree +-- map-cache@0.2.2
202 silly idealTree +-- map-stream@0.1.0
202 silly idealTree +-- map-visit@1.0.0
202 silly idealTree +-- media-typer@0.3.0
202 silly idealTree +-- merge-descriptors@1.0.1
202 silly idealTree +-- methods@1.1.2
202 silly idealTree +-- micromatch@3.1.10
202 silly idealTree +-- mime-db@1.33.0
202 silly idealTree +-- mime-types@2.1.18
202 silly idealTree +-- mime@1.4.1
202 silly idealTree +-- minimatch@3.0.4
202 silly idealTree +-- minimist@1.2.0
202 silly idealTree +-- mixin-deep@1.3.1
202 silly idealTree | `-- is-extendable@1.0.1
202 silly idealTree +-- mkdirp@0.5.1
202 silly idealTree | `-- minimist@0.0.8
202 silly idealTree +-- mocha@4.1.0
202 silly idealTree | +-- has-flag@2.0.0
202 silly idealTree | `-- supports-color@4.4.0
202 silly idealTree +-- moment@2.22.1
202 silly idealTree +-- ms@2.0.0
202 silly idealTree +-- mysql@2.15.0
202 silly idealTree | +-- process-nextick-args@1.0.7
202 silly idealTree | +-- readable-stream@2.3.3
202 silly idealTree | +-- safe-buffer@5.1.1
202 silly idealTree | `-- string_decoder@1.0.3
202 silly idealTree +-- nan@2.10.0
202 silly idealTree +-- nanomatch@1.2.9
202 silly idealTree +-- negotiator@0.6.1
202 silly idealTree +-- node-onesignal-api@0.0.2
202 silly idealTree +-- node-onesignal@0.3.1
202 silly idealTree +-- node-opensignal-api@0.0.3
202 silly idealTree +-- nodemon@1.17.4
202 silly idealTree +-- nopt@1.0.10
202 silly idealTree +-- normalize-path@2.1.1
202 silly idealTree +-- npm-run-path@2.0.2
202 silly idealTree +-- object-copy@0.1.0
202 silly idealTree | +-- define-property@0.2.5
202 silly idealTree | `-- kind-of@3.2.2
202 silly idealTree +-- object-visit@1.0.1
202 silly idealTree +-- object.pick@1.3.0
202 silly idealTree +-- on-finished@2.3.0
202 silly idealTree +-- once@1.4.0
202 silly idealTree +-- p-finally@1.0.0
202 silly idealTree +-- package-json@4.0.1
202 silly idealTree +-- parseurl@1.3.2
202 silly idealTree +-- pascalcase@0.1.1
202 silly idealTree +-- path-dirname@1.0.2
202 silly idealTree +-- path-is-absolute@1.0.1
202 silly idealTree +-- path-is-inside@1.0.2
202 silly idealTree +-- path-key@2.0.1
202 silly idealTree +-- path-to-regexp@0.1.7
202 silly idealTree +-- pause-stream@0.0.11
202 silly idealTree +-- pify@3.0.0
202 silly idealTree +-- posix-character-classes@0.1.1
202 silly idealTree +-- prepend-http@1.0.4
202 silly idealTree +-- process-nextick-args@2.0.0
202 silly idealTree +-- proxy-addr@2.0.3
202 silly idealTree +-- ps-tree@1.1.0
202 silly idealTree +-- pseudomap@1.0.2
202 silly idealTree +-- pstree.remy@1.1.0
202 silly idealTree +-- qs@6.5.1
202 silly idealTree +-- range-parser@1.2.0
202 silly idealTree +-- raw-body@2.3.2
202 silly idealTree | +-- depd@1.1.1
202 silly idealTree | +-- http-errors@1.6.2
202 silly idealTree | `-- setprototypeof@1.0.3
202 silly idealTree +-- rc@1.2.7
202 silly idealTree +-- readable-stream@2.3.6
202 silly idealTree +-- readdirp@2.1.0
202 silly idealTree +-- regenerator-runtime@0.11.1
202 silly idealTree +-- regex-not@1.0.2
202 silly idealTree +-- registry-auth-token@3.3.2
202 silly idealTree +-- registry-url@3.1.0
202 silly idealTree +-- remove-trailing-separator@1.1.0
202 silly idealTree +-- repeat-element@1.1.2
202 silly idealTree +-- repeat-string@1.6.1
202 silly idealTree +-- request@2.9.153
202 silly idealTree +-- resolve-url@0.2.1
202 silly idealTree +-- ret@0.1.15
202 silly idealTree +-- retry@0.9.0
202 silly idealTree +-- safe-buffer@5.1.2
202 silly idealTree +-- safe-regex@1.1.0
202 silly idealTree +-- semver-diff@2.1.0
202 silly idealTree +-- semver@5.5.0
202 silly idealTree +-- send@0.16.2
202 silly idealTree | `-- debug@2.6.9
202 silly idealTree +-- serve-static@1.13.2
202 silly idealTree +-- set-immediate-shim@1.0.1
202 silly idealTree +-- set-value@2.0.0
202 silly idealTree | `-- extend-shallow@2.0.1
202 silly idealTree +-- setprototypeof@1.1.0
202 silly idealTree +-- shebang-command@1.2.0
202 silly idealTree +-- shebang-regex@1.0.0
202 silly idealTree +-- signal-exit@3.0.2
202 silly idealTree +-- snapdragon-node@2.1.1
202 silly idealTree | +-- define-property@1.0.0
202 silly idealTree | +-- is-accessor-descriptor@1.0.0
202 silly idealTree | +-- is-data-descriptor@1.0.0
202 silly idealTree | `-- is-descriptor@1.0.2
202 silly idealTree +-- snapdragon-util@3.0.1
202 silly idealTree | `-- kind-of@3.2.2
202 silly idealTree +-- snapdragon@0.8.2
202 silly idealTree | +-- debug@2.6.9
202 silly idealTree | +-- define-property@0.2.5
202 silly idealTree | `-- extend-shallow@2.0.1
202 silly idealTree +-- source-map-resolve@0.5.2
202 silly idealTree +-- source-map-url@0.4.0
202 silly idealTree +-- source-map@0.5.7
202 silly idealTree +-- split-string@3.1.0
202 silly idealTree +-- split@0.3.3
202 silly idealTree +-- sqlstring@2.3.0
202 silly idealTree +-- static-extend@0.1.2
202 silly idealTree | `-- define-property@0.2.5
202 silly idealTree +-- statuses@1.4.0
202 silly idealTree +-- stream-combiner@0.0.4
202 silly idealTree +-- string_decoder@1.1.1
202 silly idealTree +-- string-width@2.1.1
202 silly idealTree +-- strip-ansi@4.0.0
202 silly idealTree +-- strip-eof@1.0.0
202 silly idealTree +-- strip-json-comments@2.0.1
202 silly idealTree +-- superagent@2.3.0
202 silly idealTree | `-- debug@2.6.9
202 silly idealTree +-- supports-color@5.4.0
202 silly idealTree +-- term-size@1.2.0
202 silly idealTree +-- through@2.3.8
202 silly idealTree +-- time@0.12.0
202 silly idealTree | `-- debug@2.6.9
202 silly idealTree +-- timed-out@4.0.1
202 silly idealTree +-- to-object-path@0.3.0
202 silly idealTree | `-- kind-of@3.2.2
202 silly idealTree +-- to-regex-range@2.1.1
202 silly idealTree +-- to-regex@3.0.2
202 silly idealTree +-- topo@2.0.2
202 silly idealTree +-- touch@3.1.0
202 silly idealTree +-- type-is@1.6.16
202 silly idealTree +-- undefsafe@2.0.2
202 silly idealTree | `-- debug@2.6.9
202 silly idealTree +-- union-value@1.0.0
202 silly idealTree | +-- extend-shallow@2.0.1
202 silly idealTree | `-- set-value@0.4.3
202 silly idealTree +-- unique-string@1.0.0
202 silly idealTree +-- unpipe@1.0.0
202 silly idealTree +-- unset-value@1.0.0
202 silly idealTree | +-- has-value@0.3.1
202 silly idealTree | | `-- isobject@2.1.0
202 silly idealTree | `-- has-values@0.1.4
202 silly idealTree +-- unzip-response@2.0.1
202 silly idealTree +-- upath@1.0.5
202 silly idealTree +-- update-notifier@2.5.0
202 silly idealTree +-- urix@0.1.0
202 silly idealTree +-- url-parse-lax@1.0.0
202 silly idealTree +-- use@3.1.0
202 silly idealTree +-- util-deprecate@1.0.2
202 silly idealTree +-- utils-merge@1.0.1
202 silly idealTree +-- vary@1.1.2
202 silly idealTree +-- which@1.3.0
202 silly idealTree +-- widest-line@2.0.0
202 silly idealTree +-- wrappy@1.0.2
202 silly idealTree +-- write-file-atomic@2.3.0
202 silly idealTree +-- xdg-basedir@3.0.0
202 silly idealTree `-- yallist@2.1.2
203 silly generateActionsToTake Starting
204 silly install generateActionsToTake
205 silly generateActionsToTake Finishing
206 silly diffTrees action count 4
207 silly diffTrees add bindings@1.3.0
208 silly diffTrees add nan@2.10.0
209 silly diffTrees add debug@2.6.9
210 silly diffTrees add time@0.12.0
211 silly decomposeActions action count 32
212 silly decomposeActions fetch bindings@1.3.0
213 silly decomposeActions extract bindings@1.3.0
214 silly decomposeActions test bindings@1.3.0
215 silly decomposeActions preinstall bindings@1.3.0
216 silly decomposeActions build bindings@1.3.0
217 silly decomposeActions install bindings@1.3.0
218 silly decomposeActions postinstall bindings@1.3.0
219 silly decomposeActions finalize bindings@1.3.0
220 silly decomposeActions fetch nan@2.10.0
221 silly decomposeActions extract nan@2.10.0
222 silly decomposeActions test nan@2.10.0
223 silly decomposeActions preinstall nan@2.10.0
224 silly decomposeActions build nan@2.10.0
225 silly decomposeActions install nan@2.10.0
226 silly decomposeActions postinstall nan@2.10.0
227 silly decomposeActions finalize nan@2.10.0
228 silly decomposeActions fetch debug@2.6.9
229 silly decomposeActions extract debug@2.6.9
230 silly decomposeActions test debug@2.6.9
231 silly decomposeActions preinstall debug@2.6.9
232 silly decomposeActions build debug@2.6.9
233 silly decomposeActions install debug@2.6.9
234 silly decomposeActions postinstall debug@2.6.9
235 silly decomposeActions finalize debug@2.6.9
236 silly decomposeActions fetch time@0.12.0
237 silly decomposeActions extract time@0.12.0
238 silly decomposeActions test time@0.12.0
239 silly decomposeActions preinstall time@0.12.0
240 silly decomposeActions build time@0.12.0
241 silly decomposeActions install time@0.12.0
242 silly decomposeActions postinstall time@0.12.0
243 silly decomposeActions finalize time@0.12.0
244 silly runTopLevelLifecycles Starting
245 silly executeActions Starting
246 silly install executeActions
247 silly doSerial global-install 0
248 silly doParallel fetch 4
249 verbose correctMkdir C:\Users\srira\AppData\Roaming\npm-cache\_locks correctMkdir not in flight; initializing
250 verbose lock using C:\Users\srira\AppData\Roaming\npm-cache\_locks\staging-a3c0722380b78a70.lock for E:\hostel\node_modules\.staging
251 silly doParallel extract 4
252 silly extract bindings@1.3.0
253 silly extract nan@2.10.0
254 silly extract debug@2.6.9
255 silly extract time@0.12.0
256 verbose unbuild node_modules\.staging\time-da8b99ec
257 verbose unbuild node_modules\.staging\nan-46343702
258 verbose unbuild node_modules\.staging\bindings-12459e49
259 verbose unbuild node_modules\.staging\debug-3d6a96af
260 silly gentlyRm E:\hostel\node_modules\.staging\time-da8b99ec is being purged from base E:\hostel
261 verbose gentlyRm don't care about contents; nuking E:\hostel\node_modules\.staging\time-da8b99ec
262 silly gentlyRm E:\hostel\node_modules\.staging\nan-46343702 is being purged from base E:\hostel
263 verbose gentlyRm don't care about contents; nuking E:\hostel\node_modules\.staging\nan-46343702
264 silly gentlyRm E:\hostel\node_modules\.staging\bindings-12459e49 is being purged from base E:\hostel
265 verbose gentlyRm don't care about contents; nuking E:\hostel\node_modules\.staging\bindings-12459e49
266 silly gentlyRm E:\hostel\node_modules\.staging\debug-3d6a96af is being purged from base E:\hostel
267 verbose gentlyRm don't care about contents; nuking E:\hostel\node_modules\.staging\debug-3d6a96af
268 verbose tar unpack C:\Users\srira\AppData\Roaming\npm-cache\time\0.12.0\package.tgz
269 verbose tar unpacking to E:\hostel\node_modules\.staging\time-da8b99ec
270 silly gentlyRm E:\hostel\node_modules\.staging\time-da8b99ec is being purged
271 verbose gentlyRm don't care about contents; nuking E:\hostel\node_modules\.staging\time-da8b99ec
272 verbose tar unpack C:\Users\srira\AppData\Roaming\npm-cache\nan\2.10.0\package.tgz
273 verbose tar unpacking to E:\hostel\node_modules\.staging\nan-46343702
274 silly gentlyRm E:\hostel\node_modules\.staging\nan-46343702 is being purged
275 verbose gentlyRm don't care about contents; nuking E:\hostel\node_modules\.staging\nan-46343702
276 verbose tar unpack C:\Users\srira\AppData\Roaming\npm-cache\bindings\1.3.0\package.tgz
277 verbose tar unpacking to E:\hostel\node_modules\.staging\bindings-12459e49
278 silly gentlyRm E:\hostel\node_modules\.staging\bindings-12459e49 is being purged
279 verbose gentlyRm don't care about contents; nuking E:\hostel\node_modules\.staging\bindings-12459e49
280 verbose tar unpack C:\Users\srira\AppData\Roaming\npm-cache\debug\2.6.9\package.tgz
281 verbose tar unpacking to E:\hostel\node_modules\.staging\debug-3d6a96af
282 silly gentlyRm E:\hostel\node_modules\.staging\debug-3d6a96af is being purged
283 verbose gentlyRm don't care about contents; nuking E:\hostel\node_modules\.staging\debug-3d6a96af
284 silly gunzTarPerm modes [ '777', '666' ]
285 silly gunzTarPerm modes [ '777', '666' ]
286 silly gunzTarPerm modes [ '777', '666' ]
287 silly gunzTarPerm modes [ '777', '666' ]
288 silly gunzTarPerm extractEntry package.json
289 silly gunzTarPerm modified mode [ 'package.json', 420, 438 ]
290 silly gunzTarPerm extractEntry package.json
291 silly gunzTarPerm modified mode [ 'package.json', 420, 438 ]
292 silly gunzTarPerm extractEntry package.json
293 silly gunzTarPerm modified mode [ 'package.json', 436, 438 ]
294 silly gunzTarPerm extractEntry package.json
295 silly gunzTarPerm modified mode [ 'package.json', 420, 438 ]
296 silly gunzTarPerm extractEntry .npmignore
297 silly gunzTarPerm modified mode [ '.npmignore', 420, 438 ]
298 silly gunzTarPerm extractEntry README.md
299 silly gunzTarPerm modified mode [ 'README.md', 420, 438 ]
300 silly gunzTarPerm extractEntry README.md
301 silly gunzTarPerm modified mode [ 'README.md', 420, 438 ]
302 silly gunzTarPerm extractEntry bindings.js
303 silly gunzTarPerm modified mode [ 'bindings.js', 420, 438 ]
304 silly gunzTarPerm extractEntry CHANGELOG.md
305 silly gunzTarPerm modified mode [ 'CHANGELOG.md', 436, 438 ]
306 silly gunzTarPerm extractEntry .npmignore
307 silly gunzTarPerm modified mode [ '.npmignore', 420, 438 ]
308 silly gunzTarPerm extractEntry README.md
309 silly gunzTarPerm modified mode [ 'README.md', 420, 438 ]
310 silly gunzTarPerm extractEntry include_dirs.js
311 silly gunzTarPerm modified mode [ 'include_dirs.js', 436, 438 ]
312 silly gunzTarPerm extractEntry LICENSE
313 silly gunzTarPerm modified mode [ 'LICENSE', 420, 438 ]
314 silly gunzTarPerm extractEntry index.js
315 silly gunzTarPerm modified mode [ 'index.js', 420, 438 ]
316 silly gunzTarPerm extractEntry LICENSE.md
317 silly gunzTarPerm modified mode [ 'LICENSE.md', 436, 438 ]
318 silly gunzTarPerm extractEntry nan_callbacks_12_inl.h
319 silly gunzTarPerm modified mode [ 'nan_callbacks_12_inl.h', 436, 438 ]
320 silly gunzTarPerm extractEntry nan_callbacks_pre_12_inl.h
321 silly gunzTarPerm modified mode [ 'nan_callbacks_pre_12_inl.h', 436, 438 ]
322 silly gunzTarPerm extractEntry LICENSE
323 silly gunzTarPerm modified mode [ 'LICENSE', 420, 438 ]
324 silly gunzTarPerm extractEntry nan_callbacks.h
325 silly gunzTarPerm modified mode [ 'nan_callbacks.h', 436, 438 ]
326 silly gunzTarPerm extractEntry appveyor.yml
327 silly gunzTarPerm modified mode [ 'appveyor.yml', 420, 438 ]
328 silly gunzTarPerm extractEntry karma.conf.js
329 silly gunzTarPerm modified mode [ 'karma.conf.js', 420, 438 ]
330 silly gunzTarPerm extractEntry node.js
331 silly gunzTarPerm modified mode [ 'node.js', 420, 438 ]
332 silly gunzTarPerm extractEntry .eslintrc
333 silly gunzTarPerm modified mode [ '.eslintrc', 420, 438 ]
334 silly gunzTarPerm extractEntry Makefile
335 silly gunzTarPerm modified mode [ 'Makefile', 420, 438 ]
336 silly gunzTarPerm extractEntry nan_converters_43_inl.h
337 silly gunzTarPerm modified mode [ 'nan_converters_43_inl.h', 436, 438 ]
338 silly gunzTarPerm extractEntry nan_converters_pre_43_inl.h
339 silly gunzTarPerm modified mode [ 'nan_converters_pre_43_inl.h', 436, 438 ]
340 silly gunzTarPerm extractEntry .jshintrc
341 silly gunzTarPerm modified mode [ '.jshintrc', 420, 438 ]
342 silly gunzTarPerm extractEntry .travis.yml
343 silly gunzTarPerm modified mode [ '.travis.yml', 420, 438 ]
344 silly gunzTarPerm extractEntry .coveralls.yml
345 silly gunzTarPerm modified mode [ '.coveralls.yml', 420, 438 ]
346 silly gunzTarPerm extractEntry component.json
347 silly gunzTarPerm modified mode [ 'component.json', 420, 438 ]
348 silly gunzTarPerm extractEntry nan_converters.h
349 silly gunzTarPerm modified mode [ 'nan_converters.h', 436, 438 ]
350 silly gunzTarPerm extractEntry nan_define_own_property_helper.h
351 silly gunzTarPerm modified mode [ 'nan_define_own_property_helper.h', 436, 438 ]
352 silly gunzTarPerm extractEntry binding.gyp
353 silly gunzTarPerm modified mode [ 'binding.gyp', 420, 438 ]
354 silly gunzTarPerm extractEntry CHANGELOG.md
355 silly gunzTarPerm modified mode [ 'CHANGELOG.md', 420, 438 ]
356 silly gunzTarPerm extractEntry src/time.cc
357 silly gunzTarPerm modified mode [ 'src/time.cc', 420, 438 ]
358 silly gunzTarPerm extractEntry test/date.js
359 silly gunzTarPerm modified mode [ 'test/date.js', 420, 438 ]
360 silly gentlyRm E:\hostel\node_modules\.staging\bindings-12459e49\node_modules is being purged
361 verbose gentlyRm don't care about contents; nuking E:\hostel\node_modules\.staging\bindings-12459e49\node_modules
362 silly gunzTarPerm extractEntry .travis.yml
363 silly gunzTarPerm modified mode [ '.travis.yml', 420, 438 ]
364 silly gunzTarPerm extractEntry CHANGELOG.md
365 silly gunzTarPerm modified mode [ 'CHANGELOG.md', 420, 438 ]
366 silly gunzTarPerm extractEntry nan_implementation_12_inl.h
367 silly gunzTarPerm modified mode [ 'nan_implementation_12_inl.h', 436, 438 ]
368 silly gunzTarPerm extractEntry nan_implementation_pre_12_inl.h
369 silly gunzTarPerm modified mode [ 'nan_implementation_pre_12_inl.h', 436, 438 ]
370 silly gunzTarPerm extractEntry nan_json.h
371 silly gunzTarPerm modified mode [ 'nan_json.h', 436, 438 ]
372 silly gunzTarPerm extractEntry nan_maybe_43_inl.h
373 silly gunzTarPerm modified mode [ 'nan_maybe_43_inl.h', 436, 438 ]
374 silly gunzTarPerm extractEntry test/exports.js
375 silly gunzTarPerm modified mode [ 'test/exports.js', 420, 438 ]
376 silly gunzTarPerm extractEntry test/tzset.js
377 silly gunzTarPerm modified mode [ 'test/tzset.js', 420, 438 ]
378 silly gunzTarPerm extractEntry src/browser.js
379 silly gunzTarPerm modified mode [ 'src/browser.js', 420, 438 ]
380 silly gunzTarPerm extractEntry src/debug.js
381 silly gunzTarPerm modified mode [ 'src/debug.js', 420, 438 ]
382 silly gunzTarPerm extractEntry nan_maybe_pre_43_inl.h
383 silly gunzTarPerm modified mode [ 'nan_maybe_pre_43_inl.h', 436, 438 ]
384 silly gunzTarPerm extractEntry nan_new.h
385 silly gunzTarPerm modified mode [ 'nan_new.h', 436, 438 ]
386 silly gunzTarPerm extractEntry nan_object_wrap.h
387 silly gunzTarPerm modified mode [ 'nan_object_wrap.h', 436, 438 ]
388 silly gunzTarPerm extractEntry src/index.js
389 silly gunzTarPerm modified mode [ 'src/index.js', 420, 438 ]
390 silly gunzTarPerm extractEntry src/inspector-log.js
391 silly gunzTarPerm modified mode [ 'src/inspector-log.js', 420, 438 ]
392 silly gunzTarPerm extractEntry nan_persistent_12_inl.h
393 silly gunzTarPerm modified mode [ 'nan_persistent_12_inl.h', 436, 438 ]
394 silly gunzTarPerm extractEntry nan_persistent_pre_12_inl.h
395 silly gunzTarPerm modified mode [ 'nan_persistent_pre_12_inl.h', 436, 438 ]
396 silly gunzTarPerm extractEntry src/node.js
397 silly gunzTarPerm modified mode [ 'src/node.js', 420, 438 ]
398 silly gunzTarPerm extractEntry nan_private.h
399 silly gunzTarPerm modified mode [ 'nan_private.h', 436, 438 ]
400 silly gunzTarPerm extractEntry nan_string_bytes.h
401 silly gunzTarPerm modified mode [ 'nan_string_bytes.h', 436, 438 ]
402 silly gunzTarPerm extractEntry nan_typedarray_contents.h
403 silly gunzTarPerm modified mode [ 'nan_typedarray_contents.h', 436, 438 ]
404 silly gunzTarPerm extractEntry nan_weak.h
405 silly gunzTarPerm modified mode [ 'nan_weak.h', 436, 438 ]
406 silly gunzTarPerm extractEntry nan.h
407 silly gunzTarPerm modified mode [ 'nan.h', 436, 438 ]
408 silly gunzTarPerm extractEntry README.md
409 silly gunzTarPerm modified mode [ 'README.md', 436, 438 ]
410 silly gunzTarPerm extractEntry doc/asyncworker.md
411 silly gunzTarPerm modified mode [ 'doc/asyncworker.md', 436, 438 ]
412 silly gunzTarPerm extractEntry doc/buffers.md
413 silly gunzTarPerm modified mode [ 'doc/buffers.md', 436, 438 ]
414 silly gunzTarPerm extractEntry doc/callback.md
415 silly gunzTarPerm modified mode [ 'doc/callback.md', 436, 438 ]
416 silly gunzTarPerm extractEntry doc/converters.md
417 silly gunzTarPerm modified mode [ 'doc/converters.md', 436, 438 ]
418 silly gunzTarPerm extractEntry doc/errors.md
419 silly gunzTarPerm modified mode [ 'doc/errors.md', 436, 438 ]
420 silly gentlyRm E:\hostel\node_modules\.staging\time-da8b99ec\node_modules is being purged
421 verbose gentlyRm don't care about contents; nuking E:\hostel\node_modules\.staging\time-da8b99ec\node_modules
422 silly gunzTarPerm extractEntry doc/json.md
423 silly gunzTarPerm modified mode [ 'doc/json.md', 436, 438 ]
424 silly gunzTarPerm extractEntry doc/maybe_types.md
425 silly gunzTarPerm modified mode [ 'doc/maybe_types.md', 436, 438 ]
426 silly gunzTarPerm extractEntry doc/methods.md
427 silly gunzTarPerm modified mode [ 'doc/methods.md', 436, 438 ]
428 silly gunzTarPerm extractEntry doc/new.md
429 silly gunzTarPerm modified mode [ 'doc/new.md', 436, 438 ]
430 silly gunzTarPerm extractEntry doc/node_misc.md
431 silly gunzTarPerm modified mode [ 'doc/node_misc.md', 436, 438 ]
432 silly gunzTarPerm extractEntry doc/object_wrappers.md
433 silly gunzTarPerm modified mode [ 'doc/object_wrappers.md', 436, 438 ]
434 silly gunzTarPerm extractEntry doc/persistent.md
435 silly gunzTarPerm modified mode [ 'doc/persistent.md', 436, 438 ]
436 silly gunzTarPerm extractEntry doc/scopes.md
437 silly gunzTarPerm modified mode [ 'doc/scopes.md', 436, 438 ]
438 silly gunzTarPerm extractEntry doc/script.md
439 silly gunzTarPerm modified mode [ 'doc/script.md', 436, 438 ]
440 silly gunzTarPerm extractEntry doc/string_bytes.md
441 silly gunzTarPerm modified mode [ 'doc/string_bytes.md', 436, 438 ]
442 silly gunzTarPerm extractEntry doc/v8_internals.md
443 silly gunzTarPerm modified mode [ 'doc/v8_internals.md', 436, 438 ]
444 silly gunzTarPerm extractEntry doc/v8_misc.md
445 silly gunzTarPerm modified mode [ 'doc/v8_misc.md', 436, 438 ]
446 silly gunzTarPerm extractEntry tools/1to2.js
447 silly gunzTarPerm modified mode [ 'tools/1to2.js', 509, 511 ]
448 silly gunzTarPerm extractEntry tools/package.json
449 silly gunzTarPerm modified mode [ 'tools/package.json', 436, 438 ]
450 silly gunzTarPerm extractEntry tools/README.md
451 silly gunzTarPerm modified mode [ 'tools/README.md', 436, 438 ]
452 silly gentlyRm E:\hostel\node_modules\.staging\debug-3d6a96af\node_modules is being purged
453 verbose gentlyRm don't care about contents; nuking E:\hostel\node_modules\.staging\debug-3d6a96af\node_modules
454 silly gentlyRm E:\hostel\node_modules\.staging\nan-46343702\node_modules is being purged
455 verbose gentlyRm don't care about contents; nuking E:\hostel\node_modules\.staging\nan-46343702\node_modules
456 silly doParallel preinstall 4
457 silly preinstall bindings@1.3.0 E:\hostel\node_modules\.staging\bindings-12459e49
458 info lifecycle bindings@1.3.0~preinstall: bindings@1.3.0
459 silly preinstall nan@2.10.0 E:\hostel\node_modules\.staging\nan-46343702
460 info lifecycle nan@2.10.0~preinstall: nan@2.10.0
461 silly preinstall debug@2.6.9 E:\hostel\node_modules\.staging\debug-3d6a96af
462 info lifecycle debug@2.6.9~preinstall: debug@2.6.9
463 silly preinstall time@0.12.0 E:\hostel\node_modules\.staging\time-da8b99ec
464 info lifecycle time@0.12.0~preinstall: time@0.12.0
465 silly lifecycle bindings@1.3.0~preinstall: no script for preinstall, continuing
466 silly lifecycle nan@2.10.0~preinstall: no script for preinstall, continuing
467 silly lifecycle debug@2.6.9~preinstall: no script for preinstall, continuing
468 silly lifecycle time@0.12.0~preinstall: no script for preinstall, continuing
469 silly doReverseSerial remove 0
470 silly doSerial move 0
471 silly doSerial finalize 4
472 silly finalize E:\hostel\node_modules\bindings
473 silly finalize E:\hostel\node_modules\nan
474 silly finalize E:\hostel\node_modules\time\node_modules\debug
475 silly finalize E:\hostel\node_modules\time
476 silly doSerial build 4
477 silly build bindings@1.3.0
478 info linkStuff bindings@1.3.0
479 silly linkStuff bindings@1.3.0 has E:\hostel\node_modules as its parent node_modules
480 verbose linkBins bindings@1.3.0
481 verbose linkMans bindings@1.3.0
482 silly build nan@2.10.0
483 info linkStuff nan@2.10.0
484 silly linkStuff nan@2.10.0 has E:\hostel\node_modules as its parent node_modules
485 verbose linkBins nan@2.10.0
486 verbose linkMans nan@2.10.0
487 silly build debug@2.6.9
488 info linkStuff debug@2.6.9
489 silly linkStuff debug@2.6.9 has E:\hostel\node_modules\time\node_modules as its parent node_modules
490 verbose linkBins debug@2.6.9
491 verbose linkMans debug@2.6.9
492 silly build time@0.12.0
493 info linkStuff time@0.12.0
494 silly linkStuff time@0.12.0 has E:\hostel\node_modules as its parent node_modules
495 verbose linkBins time@0.12.0
496 verbose linkMans time@0.12.0
497 silly doSerial global-link 0
498 silly doParallel update-linked 0
499 silly doSerial install 4
500 silly install bindings@1.3.0 E:\hostel\node_modules\.staging\bindings-12459e49
501 info lifecycle bindings@1.3.0~install: bindings@1.3.0
502 silly lifecycle bindings@1.3.0~install: no script for install, continuing
503 silly install nan@2.10.0 E:\hostel\node_modules\.staging\nan-46343702
504 info lifecycle nan@2.10.0~install: nan@2.10.0
505 silly lifecycle nan@2.10.0~install: no script for install, continuing
506 silly install debug@2.6.9 E:\hostel\node_modules\.staging\debug-3d6a96af
507 info lifecycle debug@2.6.9~install: debug@2.6.9
508 silly lifecycle debug@2.6.9~install: no script for install, continuing
509 silly install time@0.12.0 E:\hostel\node_modules\.staging\time-da8b99ec
510 info lifecycle time@0.12.0~install: time@0.12.0
511 verbose lifecycle time@0.12.0~install: unsafe-perm in lifecycle true
512 verbose lifecycle time@0.12.0~install: PATH: C:\Program Files\nodejs\node_modules\npm\bin\node-gyp-bin;E:\hostel\node_modules\time\node_modules\.bin;E:\hostel\node_modules\.bin;C:\Program Files (x86)\Common Files\Oracle\Java\javapath;C:\WINDOWS\system32;C:\WINDOWS;C:\WINDOWS\System32\Wbem;C:\WINDOWS\System32\WindowsPowerShell\v1.0\;C:\Program Files\nodejs\;C:\Program Files\Git\cmd;C:\Program Files\PuTTY\;C:\Program Files\Java\jdk-10.0.1\bin;;C:\PostgreSQL\pg10\bin;C:\HashiCorp\Vagrant\bin;C:\Users\srira\AppData\Local\Programs\Python\Python36\Scripts\;C:\Users\srira\AppData\Local\Programs\Python\Python36\;C:\Users\srira\AppData\Local\Microsoft\WindowsApps;C:\Program Files\Microsoft VS Code\bin;C:\Users\srira\AppData\Roaming\npm;C:\Program Files (x86)\Nmap;C:\Program Files\heroku\bin
513 verbose lifecycle time@0.12.0~install: CWD: E:\hostel\node_modules\time
514 silly lifecycle time@0.12.0~install: Args: [ '/d /s /c', 'node-gyp rebuild' ]
515 silly lifecycle time@0.12.0~install: Returned: code: 1  signal: null
516 info lifecycle time@0.12.0~install: Failed to exec install script
517 verbose unlock done using C:\Users\srira\AppData\Roaming\npm-cache\_locks\staging-a3c0722380b78a70.lock for E:\hostel\node_modules\.staging
518 silly rollbackFailedOptional Starting
519 silly rollbackFailedOptional Finishing
520 silly runTopLevelLifecycles Finishing
521 silly install printInstalled
522 warn optional SKIPPING OPTIONAL DEPENDENCY: fsevents@^1.1.2 (node_modules\chokidar\node_modules\fsevents):
523 warn notsup SKIPPING OPTIONAL DEPENDENCY: Unsupported platform for fsevents@1.2.4: wanted {"os":"darwin","arch":"any"} (current: {"os":"win32","arch":"x64"})
524 verbose notsup SKIPPING OPTIONAL DEPENDENCY: Valid OS:    darwin
524 verbose notsup SKIPPING OPTIONAL DEPENDENCY: Valid Arch:  any
524 verbose notsup SKIPPING OPTIONAL DEPENDENCY: Actual OS:   win32
524 verbose notsup SKIPPING OPTIONAL DEPENDENCY: Actual Arch: x64
525 warn hostel@1.0.0 No repository field.
526 verbose If you need help, you may report this error at:
526 verbose     <https://github.com/npm/npm/issues>
527 verbose stack Error: time@0.12.0 install: `node-gyp rebuild`
527 verbose stack Exit status 1
527 verbose stack     at EventEmitter.<anonymous> (C:\Program Files\nodejs\node_modules\npm\lib\utils\lifecycle.js:255:16)
527 verbose stack     at emitTwo (events.js:106:13)
527 verbose stack     at EventEmitter.emit (events.js:191:7)
527 verbose stack     at ChildProcess.<anonymous> (C:\Program Files\nodejs\node_modules\npm\lib\utils\spawn.js:40:14)
527 verbose stack     at emitTwo (events.js:106:13)
527 verbose stack     at ChildProcess.emit (events.js:191:7)
527 verbose stack     at maybeClose (internal/child_process.js:877:16)
527 verbose stack     at Process.ChildProcess._handle.onexit (internal/child_process.js:226:5)
528 verbose pkgid time@0.12.0
529 verbose cwd E:\hostel
530 error Windows_NT 10.0.16299
531 error argv "C:\\Program Files\\nodejs\\node.exe" "C:\\Program Files\\nodejs\\node_modules\\npm\\bin\\npm-cli.js" "install" "time" "--save"
532 error node v6.9.5
533 error npm  v3.10.10
534 error code ELIFECYCLE
535 error time@0.12.0 install: `node-gyp rebuild`
535 error Exit status 1
536 error Failed at the time@0.12.0 install script 'node-gyp rebuild'.
536 error Make sure you have the latest version of node.js and npm installed.
536 error If you do, this is most likely a problem with the time package,
536 error not with npm itself.
536 error Tell the author that this fails on your system:
536 error     node-gyp rebuild
536 error You can get information on how to open an issue for this project with:
536 error     npm bugs time
536 error Or if that isn't available, you can get their info via:
536 error     npm owner ls time
536 error There is likely additional logging output above.
537 verbose exit [ 1, true ]
